<?xml version="1.0" encoding="UTF-8"?>
<!-- Generated by org.testng.reporters.JUnitReportReporter -->
<testsuite hostname="LAPTOP-QAV6HV7O" failures="0" tests="1" name="com.mystore.testcases.Loginpagetest" time="149.462" errors="0" timestamp="2021-10-20T14:09:04 IST" skipped="0">
  <testcase classname="com.mystore.testcases.Loginpagetest" name="logintest" time="149.462"/>
  <system-out/>
</testsuite> <!-- com.mystore.testcases.Loginpagetest -->
