<?xml version="1.0" encoding="UTF-8"?>
<!-- Generated by org.testng.reporters.JUnitReportReporter -->
<testsuite hostname="LAPTOP-QAV6HV7O" failures="0" tests="1" name="com.mystore.testcases.Searchresultpagetest" time="22.656" errors="0" timestamp="2021-10-20T09:41:17 IST" skipped="0">
  <testcase classname="com.mystore.testcases.Searchresultpagetest" name="productavailabilitytest" time="22.656"/>
  <system-out/>
</testsuite> <!-- com.mystore.testcases.Searchresultpagetest -->
