<?xml version="1.0" encoding="UTF-8"?>
<!-- Generated by org.testng.reporters.JUnitReportReporter -->
<testsuite hostname="LAPTOP-QAV6HV7O" failures="0" tests="1" name="org.selenium.Firsttestcase" time="92.714" errors="0" timestamp="2021-09-29T11:15:51 IST" skipped="0">
  <testcase classname="org.selenium.Firsttestcase" name="dummytest" time="92.714"/>
  <system-out/>
</testsuite> <!-- org.selenium.Firsttestcase -->
