<?xml version="1.0" encoding="UTF-8"?>
<!-- Generated by org.testng.reporters.JUnitReportReporter -->
<testsuite hostname="LAPTOP-QAV6HV7O" failures="0" tests="2" name="com.mystore.testcases.Indextestpage" time="172.460" errors="0" timestamp="2021-10-20T09:41:17 IST" skipped="0">
  <testcase classname="com.mystore.testcases.Indextestpage" name="validatelogo" time="134.987"/>
  <system-out/>
  <testcase classname="com.mystore.testcases.Indextestpage" name="validatetitle" time="37.473"/>
  <system-out/>
</testsuite> <!-- com.mystore.testcases.Indextestpage -->
