<?xml version="1.0" encoding="UTF-8"?>
<!-- Generated by org.testng.reporters.JUnitReportReporter -->
<testsuite hostname="LAPTOP-QAV6HV7O" failures="0" tests="1" name="com.mystore.testcases.Endtoendtest" time="151.592" errors="0" timestamp="2021-10-20T09:50:55 IST" skipped="0">
  <testcase classname="com.mystore.testcases.Endtoendtest" name="endtoendtest" time="151.592"/>
  <system-out/>
</testsuite> <!-- com.mystore.testcases.Endtoendtest -->
